\BOOKMARK [1][-]{section.1}{Introduction}{}% 1
\BOOKMARK [2][-]{subsection.1.1}{Background}{section.1}% 2
\BOOKMARK [2][-]{subsection.1.2}{Overview}{section.1}% 3
\BOOKMARK [3][-]{subsubsection.1.2.1}{Specific Aims}{subsection.1.2}% 4
\BOOKMARK [1][-]{section.2}{Research Approaches}{}% 5
\BOOKMARK [2][-]{subsection.2.1}{Experimental Testing}{section.2}% 6
\BOOKMARK [3][-]{subsubsection.2.1.1}{Introduction}{subsection.2.1}% 7
\BOOKMARK [3][-]{subsubsection.2.1.2}{Methods}{subsection.2.1}% 8
\BOOKMARK [3][-]{subsubsection.2.1.3}{Results and Discussion}{subsection.2.1}% 9
\BOOKMARK [2][-]{subsection.2.2}{Inverse Modeling - Slack Length}{section.2}% 10
\BOOKMARK [3][-]{subsubsection.2.2.1}{Introduction}{subsection.2.2}% 11
\BOOKMARK [3][-]{subsubsection.2.2.2}{Methods}{subsection.2.2}% 12
\BOOKMARK [3][-]{subsubsection.2.2.3}{Results and Discussion}{subsection.2.2}% 13
\BOOKMARK [2][-]{subsection.2.3}{Data Reduction - ligament recruitment}{section.2}% 14
\BOOKMARK [3][-]{subsubsection.2.3.1}{Introduction}{subsection.2.3}% 15
\BOOKMARK [3][-]{subsubsection.2.3.2}{Methods}{subsection.2.3}% 16
\BOOKMARK [3][-]{subsubsection.2.3.3}{Results and Discussion}{subsection.2.3}% 17
\BOOKMARK [2][-]{subsection.2.4}{Continuum Ligament Model - Prestrain}{section.2}% 18
\BOOKMARK [3][-]{subsubsection.2.4.1}{Introduction}{subsection.2.4}% 19
\BOOKMARK [3][-]{subsubsection.2.4.2}{Methods}{subsection.2.4}% 20
\BOOKMARK [3][-]{subsubsection.2.4.3}{Results and Discussion}{subsection.2.4}% 21
\BOOKMARK [1][-]{section.3}{Bibliography}{}% 22
